# JRE version: Java(TM) SE Runtime Environment 18.9 (11.0.12+8) (build 11.0.12+8-LTS-237)
# Java VM: Java HotSpot(TM) 64-Bit Server VM 18.9 (11.0.12+8-LTS-237, mixed mode, tiered, compressed oops, g1 gc, windows-amd64)
Heap:
 garbage-first heap   total 262144K, used 182784K [0x00000000e0000000, 0x0000000100000000)
  region size 1024K, 121 young (123904K), 3 survivors (3072K)
 Metaspace       used 70559K, capacity 72944K, committed 73160K, reserved 321536K
  class space    used 9181K, capacity 10037K, committed 10112K, reserved 253952K
GC Heap History (10 events):
Event: 29.942 GC heap before
{Heap before GC invocations=12 (full 0):
 garbage-first heap   total 262144K, used 155253K [0x00000000e0000000, 0x0000000100000000)
  region size 1024K, 136 young (139264K), 15 survivors (15360K)
 Metaspace       used 55571K, capacity 57242K, committed 57392K, reserved 305152K
  class space    used 7337K, capacity 7991K, committed 8064K, reserved 253952K
}
Event: 30.056 GC heap after
{Heap after GC invocations=13 (full 0):
 garbage-first heap   total 262144K, used 37453K [0x00000000e0000000, 0x0000000100000000)
  region size 1024K, 15 young (15360K), 15 survivors (15360K)
 Metaspace       used 55571K, capacity 57242K, committed 57392K, reserved 305152K
  class space    used 7337K, capacity 7991K, committed 8064K, reserved 253952K
}
Event: 32.213 GC heap before
{Heap before GC invocations=13 (full 0):
 garbage-first heap   total 262144K, used 69197K [0x00000000e0000000, 0x0000000100000000)
  region size 1024K, 48 young (49152K), 15 survivors (15360K)
 Metaspace       used 57873K, capacity 59819K, committed 59952K, reserved 307200K
  class space    used 7728K, capacity 8476K, committed 8576K, reserved 253952K
}
Event: 32.272 GC heap after
{Heap after GC invocations=14 (full 0):
 garbage-first heap   total 262144K, used 40448K [0x00000000e0000000, 0x0000000100000000)
  region size 1024K, 11 young (11264K), 11 survivors (11264K)
 Metaspace       used 57873K, capacity 59819K, committed 59952K, reserved 307200K
  class space    used 7728K, capacity 8476K, committed 8576K, reserved 253952K
}
Event: 42.778 GC heap before
{Heap before GC invocations=15 (full 0):
 garbage-first heap   total 262144K, used 185856K [0x00000000e0000000, 0x0000000100000000)
  region size 1024K, 153 young (156672K), 11 survivors (11264K)
 Metaspace       used 61653K, capacity 63777K, committed 64072K, reserved 309248K
  class space    used 8060K, capacity 8854K, committed 8960K, reserved 253952K
}
Event: 42.872 GC heap after
{Heap after GC invocations=16 (full 0):
 garbage-first heap   total 262144K, used 45568K [0x00000000e0000000, 0x0000000100000000)
  region size 1024K, 16 young (16384K), 16 survivors (16384K)
 Metaspace       used 61653K, capacity 63777K, committed 64072K, reserved 309248K
  class space    used 8060K, capacity 8854K, committed 8960K, reserved 253952K
}
Event: 47.348 GC heap before
{Heap before GC invocations=16 (full 0):
 garbage-first heap   total 262144K, used 186880K [0x00000000e0000000, 0x0000000100000000)
  region size 1024K, 153 young (156672K), 16 survivors (16384K)
 Metaspace       used 68163K, capacity 70463K, committed 70600K, reserved 315392K
  class space    used 8896K, capacity 9740K, committed 9856K, reserved 253952K
}
Event: 47.462 GC heap after
{Heap after GC invocations=17 (full 0):
 garbage-first heap   total 262144K, used 60892K [0x00000000e0000000, 0x0000000100000000)
  region size 1024K, 20 young (20480K), 20 survivors (20480K)
 Metaspace       used 68163K, capacity 70463K, committed 70600K, reserved 315392K
  class space    used 8896K, capacity 9740K, committed 9856K, reserved 253952K
}
Event: 51.033 GC heap before
{Heap before GC invocations=17 (full 0):
 garbage-first heap   total 262144K, used 199132K [0x00000000e0000000, 0x0000000100000000)
  region size 1024K, 153 young (156672K), 20 survivors (20480K)
 Metaspace       used 70055K, capacity 72366K, committed 72520K, reserved 317440K
  class space    used 9124K, capacity 9978K, committed 9984K, reserved 253952K
}
Event: 51.116 GC heap after
{Heap after GC invocations=18 (full 0):
 garbage-first heap   total 262144K, used 61952K [0x00000000e0000000, 0x0000000100000000)
  region size 1024K, 3 young (3072K), 3 survivors (3072K)
 Metaspace       used 70055K, capacity 72366K, committed 72520K, reserved 317440K
  class space    used 9124K, capacity 9978K, committed 9984K, reserved 253952K
}

