# JRE version: Java(TM) SE Runtime Environment 18.9 (11.0.12+8) (build 11.0.12+8-LTS-237)
# Java VM: Java HotSpot(TM) 64-Bit Server VM 18.9 (11.0.12+8-LTS-237, mixed mode, tiered, compressed oops, g1 gc, windows-amd64)
Heap:
 garbage-first heap   total 95232K, used 56085K [0x00000000c1e00000, 0x0000000100000000)
  region size 1024K, 30 young (30720K), 4 survivors (4096K)
 Metaspace       used 62217K, capacity 64143K, committed 64392K, reserved 1105920K
  class space    used 8046K, capacity 8823K, committed 8832K, reserved 1048576K
GC Heap History (10 events):
Event: 47.973 GC heap before
{Heap before GC invocations=15 (full 0):
 garbage-first heap   total 95232K, used 70254K [0x00000000c1e00000, 0x0000000100000000)
  region size 1024K, 55 young (56320K), 5 survivors (5120K)
 Metaspace       used 49784K, capacity 51127K, committed 51280K, reserved 1093632K
  class space    used 6378K, capacity 6912K, committed 6912K, reserved 1048576K
}
Event: 47.998 GC heap after
{Heap after GC invocations=16 (full 0):
 garbage-first heap   total 95232K, used 21190K [0x00000000c1e00000, 0x0000000100000000)
  region size 1024K, 6 young (6144K), 6 survivors (6144K)
 Metaspace       used 49784K, capacity 51127K, committed 51280K, reserved 1093632K
  class space    used 6378K, capacity 6912K, committed 6912K, reserved 1048576K
}
Event: 52.281 GC heap before
{Heap before GC invocations=16 (full 0):
 garbage-first heap   total 95232K, used 71366K [0x00000000c1e00000, 0x0000000100000000)
  region size 1024K, 55 young (56320K), 6 survivors (6144K)
 Metaspace       used 52672K, capacity 54187K, committed 54352K, reserved 1095680K
  class space    used 6805K, capacity 7406K, committed 7424K, reserved 1048576K
}
Event: 52.315 GC heap after
{Heap after GC invocations=17 (full 0):
 garbage-first heap   total 95232K, used 23673K [0x00000000c1e00000, 0x0000000100000000)
  region size 1024K, 7 young (7168K), 7 survivors (7168K)
 Metaspace       used 52672K, capacity 54187K, committed 54352K, reserved 1095680K
  class space    used 6805K, capacity 7406K, committed 7424K, reserved 1048576K
}
Event: 54.992 GC heap before
{Heap before GC invocations=17 (full 0):
 garbage-first heap   total 95232K, used 72825K [0x00000000c1e00000, 0x0000000100000000)
  region size 1024K, 55 young (56320K), 7 survivors (7168K)
 Metaspace       used 55196K, capacity 56834K, committed 56912K, reserved 1097728K
  class space    used 7181K, capacity 7865K, committed 7936K, reserved 1048576K
}
Event: 55.049 GC heap after
{Heap after GC invocations=18 (full 0):
 garbage-first heap   total 95232K, used 27350K [0x00000000c1e00000, 0x0000000100000000)
  region size 1024K, 7 young (7168K), 7 survivors (7168K)
 Metaspace       used 55196K, capacity 56834K, committed 56912K, reserved 1097728K
  class space    used 7181K, capacity 7865K, committed 7936K, reserved 1048576K
}
Event: 58.013 GC heap before
{Heap before GC invocations=18 (full 0):
 garbage-first heap   total 95232K, used 75478K [0x00000000c1e00000, 0x0000000100000000)
  region size 1024K, 54 young (55296K), 7 survivors (7168K)
 Metaspace       used 56373K, capacity 58181K, committed 58320K, reserved 1099776K
  class space    used 7340K, capacity 8052K, committed 8064K, reserved 1048576K
}
Event: 58.065 GC heap after
{Heap after GC invocations=19 (full 0):
 garbage-first heap   total 95232K, used 31005K [0x00000000c1e00000, 0x0000000100000000)
  region size 1024K, 7 young (7168K), 7 survivors (7168K)
 Metaspace       used 56373K, capacity 58181K, committed 58320K, reserved 1099776K
  class space    used 7340K, capacity 8052K, committed 8064K, reserved 1048576K
}
Event: 59.383 GC heap before
{Heap before GC invocations=19 (full 0):
 garbage-first heap   total 95232K, used 46365K [0x00000000c1e00000, 0x0000000100000000)
  region size 1024K, 23 young (23552K), 7 survivors (7168K)
 Metaspace       used 58374K, capacity 60227K, committed 60296K, reserved 1101824K
  class space    used 7589K, capacity 8311K, committed 8320K, reserved 1048576K
}
Event: 59.413 GC heap after
{Heap after GC invocations=20 (full 0):
 garbage-first heap   total 95232K, used 30485K [0x00000000c1e00000, 0x0000000100000000)
  region size 1024K, 4 young (4096K), 4 survivors (4096K)
 Metaspace       used 58374K, capacity 60227K, committed 60296K, reserved 1101824K
  class space    used 7589K, capacity 8311K, committed 8320K, reserved 1048576K
}

