# JRE version: Java(TM) SE Runtime Environment 18.9 (11.0.12+8) (build 11.0.12+8-LTS-237)
# Java VM: Java HotSpot(TM) 64-Bit Server VM 18.9 (11.0.12+8-LTS-237, mixed mode, tiered, compressed oops, g1 gc, windows-amd64)
Heap:
 garbage-first heap   total 114688K, used 48237K [0x00000000c1e00000, 0x0000000100000000)
  region size 1024K, 31 young (31744K), 7 survivors (7168K)
 Metaspace       used 53089K, capacity 54722K, committed 54960K, reserved 1101824K
  class space    used 6897K, capacity 7577K, committed 7680K, reserved 1048576K
GC Heap History (10 events):
Event: 15.947 GC heap before
{Heap before GC invocations=11 (full 0):
 garbage-first heap   total 95232K, used 63776K [0x00000000c1e00000, 0x0000000100000000)
  region size 1024K, 54 young (55296K), 5 survivors (5120K)
 Metaspace       used 32013K, capacity 33008K, committed 33200K, reserved 1079296K
  class space    used 3934K, capacity 4341K, committed 4352K, reserved 1048576K
}
Event: 15.974 GC heap after
{Heap after GC invocations=12 (full 0):
 garbage-first heap   total 95232K, used 16055K [0x00000000c1e00000, 0x0000000100000000)
  region size 1024K, 4 young (4096K), 4 survivors (4096K)
 Metaspace       used 32013K, capacity 33008K, committed 33200K, reserved 1079296K
  class space    used 3934K, capacity 4341K, committed 4352K, reserved 1048576K
}
Event: 16.908 GC heap before
{Heap before GC invocations=12 (full 0):
 garbage-first heap   total 95232K, used 28343K [0x00000000c1e00000, 0x0000000100000000)
  region size 1024K, 17 young (17408K), 4 survivors (4096K)
 Metaspace       used 34725K, capacity 35782K, committed 35888K, reserved 1081344K
  class space    used 4224K, capacity 4649K, committed 4736K, reserved 1048576K
}
Event: 16.930 GC heap after
{Heap after GC invocations=13 (full 0):
 garbage-first heap   total 95232K, used 17850K [0x00000000c1e00000, 0x0000000100000000)
  region size 1024K, 3 young (3072K), 3 survivors (3072K)
 Metaspace       used 34725K, capacity 35782K, committed 35888K, reserved 1081344K
  class space    used 4224K, capacity 4649K, committed 4736K, reserved 1048576K
}
Event: 19.509 GC heap before
{Heap before GC invocations=14 (full 0):
 garbage-first heap   total 95232K, used 58810K [0x00000000c1e00000, 0x0000000100000000)
  region size 1024K, 44 young (45056K), 3 survivors (3072K)
 Metaspace       used 41888K, capacity 43051K, committed 43312K, reserved 1087488K
  class space    used 5235K, capacity 5724K, committed 5760K, reserved 1048576K
}
Event: 19.531 GC heap after
{Heap after GC invocations=15 (full 0):
 garbage-first heap   total 114688K, used 19139K [0x00000000c1e00000, 0x0000000100000000)
  region size 1024K, 5 young (5120K), 5 survivors (5120K)
 Metaspace       used 41888K, capacity 43051K, committed 43312K, reserved 1087488K
  class space    used 5235K, capacity 5724K, committed 5760K, reserved 1048576K
}
Event: 23.368 GC heap before
{Heap before GC invocations=16 (full 0):
 garbage-first heap   total 114688K, used 69315K [0x00000000c1e00000, 0x0000000100000000)
  region size 1024K, 54 young (55296K), 5 survivors (5120K)
 Metaspace       used 48175K, capacity 49442K, committed 49712K, reserved 1091584K
  class space    used 6190K, capacity 6682K, committed 6784K, reserved 1048576K
}
Event: 23.399 GC heap after
{Heap after GC invocations=17 (full 0):
 garbage-first heap   total 114688K, used 21088K [0x00000000c1e00000, 0x0000000100000000)
  region size 1024K, 5 young (5120K), 5 survivors (5120K)
 Metaspace       used 48175K, capacity 49442K, committed 49712K, reserved 1091584K
  class space    used 6190K, capacity 6682K, committed 6784K, reserved 1048576K
}
Event: 25.337 GC heap before
{Heap before GC invocations=17 (full 0):
 garbage-first heap   total 114688K, used 74336K [0x00000000c1e00000, 0x0000000100000000)
  region size 1024K, 57 young (58368K), 5 survivors (5120K)
 Metaspace       used 51977K, capacity 53573K, committed 53680K, reserved 1101824K
  class space    used 6746K, capacity 7405K, committed 7424K, reserved 1048576K
}
Event: 25.370 GC heap after
{Heap after GC invocations=18 (full 0):
 garbage-first heap   total 114688K, used 24685K [0x00000000c1e00000, 0x0000000100000000)
  region size 1024K, 7 young (7168K), 7 survivors (7168K)
 Metaspace       used 51977K, capacity 53573K, committed 53680K, reserved 1101824K
  class space    used 6746K, capacity 7405K, committed 7424K, reserved 1048576K
}

