# JRE version: Java(TM) SE Runtime Environment 18.9 (11.0.12+8) (build 11.0.12+8-LTS-237)
# Java VM: Java HotSpot(TM) 64-Bit Server VM 18.9 (11.0.12+8-LTS-237, mixed mode, tiered, compressed oops, g1 gc, windows-amd64)
Heap:
 garbage-first heap   total 262144K, used 36735K [0x00000000e0000000, 0x0000000100000000)
  region size 1024K, 16 young (16384K), 15 survivors (15360K)
 Metaspace       used 56252K, capacity 58052K, committed 58288K, reserved 305152K
  class space    used 7448K, capacity 8130K, committed 8192K, reserved 253952K
GC Heap History (10 events):
Event: 11.510 GC heap before
{Heap before GC invocations=8 (full 0):
 garbage-first heap   total 262144K, used 58196K [0x00000000e0000000, 0x0000000100000000)
  region size 1024K, 42 young (43008K), 2 survivors (2048K)
 Metaspace       used 24841K, capacity 25407K, committed 25648K, reserved 276480K
  class space    used 3195K, capacity 3416K, committed 3456K, reserved 253952K
}
Event: 11.525 GC heap after
{Heap after GC invocations=9 (full 0):
 garbage-first heap   total 262144K, used 18869K [0x00000000e0000000, 0x0000000100000000)
  region size 1024K, 4 young (4096K), 4 survivors (4096K)
 Metaspace       used 24841K, capacity 25407K, committed 25648K, reserved 276480K
  class space    used 3195K, capacity 3416K, committed 3456K, reserved 253952K
}
Event: 13.596 GC heap before
{Heap before GC invocations=9 (full 0):
 garbage-first heap   total 262144K, used 75189K [0x00000000e0000000, 0x0000000100000000)
  region size 1024K, 59 young (60416K), 4 survivors (4096K)
 Metaspace       used 30399K, capacity 31211K, committed 31536K, reserved 282624K
  class space    used 4078K, capacity 4357K, committed 4480K, reserved 253952K
}
Event: 13.617 GC heap after
{Heap after GC invocations=10 (full 0):
 garbage-first heap   total 262144K, used 20651K [0x00000000e0000000, 0x0000000100000000)
  region size 1024K, 6 young (6144K), 6 survivors (6144K)
 Metaspace       used 30399K, capacity 31211K, committed 31536K, reserved 282624K
  class space    used 4078K, capacity 4357K, committed 4480K, reserved 253952K
}
Event: 15.172 GC heap before
{Heap before GC invocations=10 (full 0):
 garbage-first heap   total 262144K, used 47275K [0x00000000e0000000, 0x0000000100000000)
  region size 1024K, 33 young (33792K), 6 survivors (6144K)
 Metaspace       used 34839K, capacity 35711K, committed 35888K, reserved 286720K
  class space    used 4643K, capacity 4963K, committed 4992K, reserved 253952K
}
Event: 15.196 GC heap after
{Heap after GC invocations=11 (full 0):
 garbage-first heap   total 262144K, used 22298K [0x00000000e0000000, 0x0000000100000000)
  region size 1024K, 7 young (7168K), 7 survivors (7168K)
 Metaspace       used 34839K, capacity 35711K, committed 35888K, reserved 286720K
  class space    used 4643K, capacity 4963K, committed 4992K, reserved 253952K
}
Event: 19.938 GC heap before
{Heap before GC invocations=12 (full 0):
 garbage-first heap   total 262144K, used 147226K [0x00000000e0000000, 0x0000000100000000)
  region size 1024K, 126 young (129024K), 7 survivors (7168K)
 Metaspace       used 47058K, capacity 48172K, committed 48432K, reserved 296960K
  class space    used 6085K, capacity 6509K, committed 6528K, reserved 253952K
}
Event: 19.994 GC heap after
{Heap after GC invocations=13 (full 0):
 garbage-first heap   total 262144K, used 30557K [0x00000000e0000000, 0x0000000100000000)
  region size 1024K, 15 young (15360K), 15 survivors (15360K)
 Metaspace       used 47058K, capacity 48172K, committed 48432K, reserved 296960K
  class space    used 6085K, capacity 6509K, committed 6528K, reserved 253952K
}
Event: 26.349 GC heap before
{Heap before GC invocations=13 (full 0):
 garbage-first heap   total 262144K, used 163677K [0x00000000e0000000, 0x0000000100000000)
  region size 1024K, 145 young (148480K), 15 survivors (15360K)
 Metaspace       used 56252K, capacity 58052K, committed 58288K, reserved 305152K
  class space    used 7448K, capacity 8130K, committed 8192K, reserved 253952K
}
Event: 26.512 GC heap after
{Heap after GC invocations=14 (full 0):
 garbage-first heap   total 262144K, used 36735K [0x00000000e0000000, 0x0000000100000000)
  region size 1024K, 15 young (15360K), 15 survivors (15360K)
 Metaspace       used 56252K, capacity 58052K, committed 58288K, reserved 305152K
  class space    used 7448K, capacity 8130K, committed 8192K, reserved 253952K
}

