# JRE version: Java(TM) SE Runtime Environment 18.9 (11.0.12+8) (build 11.0.12+8-LTS-237)
# Java VM: Java HotSpot(TM) 64-Bit Server VM 18.9 (11.0.12+8-LTS-237, mixed mode, tiered, compressed oops, g1 gc, windows-amd64)
Heap:
 garbage-first heap   total 78848K, used 7946K [0x00000000c1e00000, 0x0000000100000000)
  region size 1024K, 3 young (3072K), 3 survivors (3072K)
 Metaspace       used 17894K, capacity 18416K, committed 18688K, reserved 1064960K
  class space    used 2025K, capacity 2244K, committed 2304K, reserved 1048576K
GC Heap History (9 events):
Event: 1.014 GC heap before
{Heap before GC invocations=0 (full 0):
 garbage-first heap   total 65536K, used 7168K [0x00000000c1e00000, 0x0000000100000000)
  region size 1024K, 7 young (7168K), 0 survivors (0K)
 Metaspace       used 5271K, capacity 5392K, committed 5632K, reserved 1056768K
  class space    used 466K, capacity 496K, committed 512K, reserved 1048576K
}
Event: 1.020 GC heap after
{Heap after GC invocations=1 (full 0):
 garbage-first heap   total 65536K, used 4612K [0x00000000c1e00000, 0x0000000100000000)
  region size 1024K, 1 young (1024K), 1 survivors (1024K)
 Metaspace       used 5271K, capacity 5392K, committed 5632K, reserved 1056768K
  class space    used 466K, capacity 496K, committed 512K, reserved 1048576K
}
Event: 1.252 GC heap before
{Heap before GC invocations=1 (full 0):
 garbage-first heap   total 65536K, used 7684K [0x00000000c1e00000, 0x0000000100000000)
  region size 1024K, 4 young (4096K), 1 survivors (1024K)
 Metaspace       used 7326K, capacity 7455K, committed 7680K, reserved 1056768K
  class space    used 652K, capacity 693K, committed 768K, reserved 1048576K
}
Event: 1.256 GC heap after
{Heap after GC invocations=2 (full 0):
 garbage-first heap   total 65536K, used 5318K [0x00000000c1e00000, 0x0000000100000000)
  region size 1024K, 1 young (1024K), 1 survivors (1024K)
 Metaspace       used 7326K, capacity 7455K, committed 7680K, reserved 1056768K
  class space    used 652K, capacity 693K, committed 768K, reserved 1048576K
}
Event: 1.697 GC heap before
{Heap before GC invocations=2 (full 0):
 garbage-first heap   total 65536K, used 14534K [0x00000000c1e00000, 0x0000000100000000)
  region size 1024K, 11 young (11264K), 1 survivors (1024K)
 Metaspace       used 10158K, capacity 10319K, committed 10624K, reserved 1058816K
  class space    used 994K, capacity 1035K, committed 1152K, reserved 1048576K
}
Event: 1.703 GC heap after
{Heap after GC invocations=3 (full 0):
 garbage-first heap   total 65536K, used 6151K [0x00000000c1e00000, 0x0000000100000000)
  region size 1024K, 2 young (2048K), 2 survivors (2048K)
 Metaspace       used 10158K, capacity 10319K, committed 10624K, reserved 1058816K
  class space    used 994K, capacity 1035K, committed 1152K, reserved 1048576K
}
Event: 3.116 GC heap before
{Heap before GC invocations=3 (full 0):
 garbage-first heap   total 65536K, used 20487K [0x00000000c1e00000, 0x0000000100000000)
  region size 1024K, 16 young (16384K), 2 survivors (2048K)
 Metaspace       used 13852K, capacity 14193K, committed 14464K, reserved 1062912K
  class space    used 1489K, capacity 1617K, committed 1664K, reserved 1048576K
}
Event: 3.125 GC heap after
{Heap after GC invocations=4 (full 0):
 garbage-first heap   total 65536K, used 6993K [0x00000000c1e00000, 0x0000000100000000)
  region size 1024K, 2 young (2048K), 2 survivors (2048K)
 Metaspace       used 13852K, capacity 14193K, committed 14464K, reserved 1062912K
  class space    used 1489K, capacity 1617K, committed 1664K, reserved 1048576K
}
Event: 3.860 GC heap before
{Heap before GC invocations=4 (full 0):
 garbage-first heap   total 65536K, used 31569K [0x00000000c1e00000, 0x0000000100000000)
  region size 1024K, 26 young (26624K), 2 survivors (2048K)
 Metaspace       used 17894K, capacity 18416K, committed 18688K, reserved 1064960K
  class space    used 2025K, capacity 2244K, committed 2304K, reserved 1048576K
}

