# JRE version: Java(TM) SE Runtime Environment 18.9 (11.0.12+8) (build 11.0.12+8-LTS-237)
# Java VM: Java HotSpot(TM) 64-Bit Server VM 18.9 (11.0.12+8-LTS-237, mixed mode, tiered, compressed oops, g1 gc, windows-amd64)
Heap:
 garbage-first heap   total 262144K, used 182272K [0x00000000e0000000, 0x0000000100000000)
  region size 1024K, 135 young (138240K), 10 survivors (10240K)
 Metaspace       used 71669K, capacity 74094K, committed 74364K, reserved 319488K
  class space    used 9277K, capacity 10155K, committed 10240K, reserved 253952K
GC Heap History (10 events):
Event: 26.153 GC heap before
{Heap before GC invocations=12 (full 0):
 garbage-first heap   total 262144K, used 174103K [0x00000000e0000000, 0x0000000100000000)
  region size 1024K, 153 young (156672K), 8 survivors (8192K)
 Metaspace       used 49219K, capacity 50435K, committed 50608K, reserved 299008K
  class space    used 6381K, capacity 6841K, committed 6912K, reserved 253952K
}
Event: 26.263 GC heap after
{Heap after GC invocations=13 (full 0):
 garbage-first heap   total 262144K, used 31214K [0x00000000e0000000, 0x0000000100000000)
  region size 1024K, 16 young (16384K), 16 survivors (16384K)
 Metaspace       used 49219K, capacity 50435K, committed 50608K, reserved 299008K
  class space    used 6381K, capacity 6841K, committed 6912K, reserved 253952K
}
Event: 53.470 GC heap before
{Heap before GC invocations=13 (full 0):
 garbage-first heap   total 262144K, used 161262K [0x00000000e0000000, 0x0000000100000000)
  region size 1024K, 144 young (147456K), 16 survivors (16384K)
 Metaspace       used 57776K, capacity 59922K, committed 60028K, reserved 307200K
  class space    used 7674K, capacity 8448K, committed 8448K, reserved 253952K
}
Event: 53.555 GC heap after
{Heap after GC invocations=14 (full 0):
 garbage-first heap   total 262144K, used 38247K [0x00000000e0000000, 0x0000000100000000)
  region size 1024K, 16 young (16384K), 16 survivors (16384K)
 Metaspace       used 57776K, capacity 59922K, committed 60028K, reserved 307200K
  class space    used 7674K, capacity 8448K, committed 8448K, reserved 253952K
}
Event: 66.135 GC heap before
{Heap before GC invocations=15 (full 0):
 garbage-first heap   total 262144K, used 178535K [0x00000000e0000000, 0x0000000100000000)
  region size 1024K, 153 young (156672K), 16 survivors (16384K)
 Metaspace       used 61830K, capacity 63994K, committed 64124K, reserved 309248K
  class space    used 8098K, capacity 8889K, committed 8960K, reserved 253952K
}
Event: 66.208 GC heap after
{Heap after GC invocations=16 (full 0):
 garbage-first heap   total 262144K, used 42957K [0x00000000e0000000, 0x0000000100000000)
  region size 1024K, 13 young (13312K), 13 survivors (13312K)
 Metaspace       used 61830K, capacity 63994K, committed 64124K, reserved 309248K
  class space    used 8098K, capacity 8889K, committed 8960K, reserved 253952K
}
Event: 74.860 GC heap before
{Heap before GC invocations=16 (full 0):
 garbage-first heap   total 262144K, used 187341K [0x00000000e0000000, 0x0000000100000000)
  region size 1024K, 153 young (156672K), 13 survivors (13312K)
 Metaspace       used 70482K, capacity 72933K, committed 73212K, reserved 317440K
  class space    used 9156K, capacity 10034K, committed 10112K, reserved 253952K
}
Event: 74.960 GC heap after
{Heap after GC invocations=17 (full 0):
 garbage-first heap   total 262144K, used 54784K [0x00000000e0000000, 0x0000000100000000)
  region size 1024K, 15 young (15360K), 15 survivors (15360K)
 Metaspace       used 70482K, capacity 72933K, committed 73212K, reserved 317440K
  class space    used 9156K, capacity 10034K, committed 10112K, reserved 253952K
}
Event: 78.588 GC heap before
{Heap before GC invocations=17 (full 0):
 garbage-first heap   total 262144K, used 198144K [0x00000000e0000000, 0x0000000100000000)
  region size 1024K, 153 young (156672K), 15 survivors (15360K)
 Metaspace       used 71237K, capacity 73663K, committed 73852K, reserved 319488K
  class space    used 9233K, capacity 10138K, committed 10240K, reserved 253952K
}
Event: 78.647 GC heap after
{Heap after GC invocations=18 (full 0):
 garbage-first heap   total 262144K, used 54272K [0x00000000e0000000, 0x0000000100000000)
  region size 1024K, 10 young (10240K), 10 survivors (10240K)
 Metaspace       used 71237K, capacity 73663K, committed 73852K, reserved 319488K
  class space    used 9233K, capacity 10138K, committed 10240K, reserved 253952K
}

