# JRE version: Java(TM) SE Runtime Environment 18.9 (11.0.12+8) (build 11.0.12+8-LTS-237)
# Java VM: Java HotSpot(TM) 64-Bit Server VM 18.9 (11.0.12+8-LTS-237, mixed mode, tiered, compressed oops, g1 gc, windows-amd64)
Heap:
 garbage-first heap   total 262144K, used 86676K [0x00000000e0000000, 0x0000000100000000)
  region size 1024K, 58 young (59392K), 11 survivors (11264K)
 Metaspace       used 59925K, capacity 61915K, committed 62068K, reserved 309248K
  class space    used 7872K, capacity 8629K, committed 8652K, reserved 253952K
GC Heap History (10 events):
Event: 16.305 GC heap before
{Heap before GC invocations=7 (full 0):
 garbage-first heap   total 262144K, used 65814K [0x00000000e0000000, 0x0000000100000000)
  region size 1024K, 52 young (53248K), 5 survivors (5120K)
 Metaspace       used 25692K, capacity 26296K, committed 26544K, reserved 278528K
  class space    used 3333K, capacity 3546K, committed 3584K, reserved 253952K
}
Event: 16.335 GC heap after
{Heap after GC invocations=8 (full 0):
 garbage-first heap   total 262144K, used 19510K [0x00000000e0000000, 0x0000000100000000)
  region size 1024K, 4 young (4096K), 4 survivors (4096K)
 Metaspace       used 25692K, capacity 26296K, committed 26544K, reserved 278528K
  class space    used 3333K, capacity 3546K, committed 3584K, reserved 253952K
}
Event: 21.933 GC heap before
{Heap before GC invocations=8 (full 0):
 garbage-first heap   total 262144K, used 95286K [0x00000000e0000000, 0x0000000100000000)
  region size 1024K, 79 young (80896K), 4 survivors (4096K)
 Metaspace       used 34728K, capacity 35568K, committed 35632K, reserved 284672K
  class space    used 4645K, capacity 4962K, committed 4992K, reserved 253952K
}
Event: 21.962 GC heap after
{Heap after GC invocations=9 (full 0):
 garbage-first heap   total 262144K, used 22629K [0x00000000e0000000, 0x0000000100000000)
  region size 1024K, 7 young (7168K), 7 survivors (7168K)
 Metaspace       used 34728K, capacity 35568K, committed 35632K, reserved 284672K
  class space    used 4645K, capacity 4962K, committed 4992K, reserved 253952K
}
Event: 30.174 GC heap before
{Heap before GC invocations=10 (full 0):
 garbage-first heap   total 262144K, used 116837K [0x00000000e0000000, 0x0000000100000000)
  region size 1024K, 96 young (98304K), 7 survivors (7168K)
 Metaspace       used 45256K, capacity 46361K, committed 46640K, reserved 294912K
  class space    used 5774K, capacity 6185K, committed 6272K, reserved 253952K
}
Event: 30.237 GC heap after
{Heap after GC invocations=11 (full 0):
 garbage-first heap   total 262144K, used 29803K [0x00000000e0000000, 0x0000000100000000)
  region size 1024K, 12 young (12288K), 12 survivors (12288K)
 Metaspace       used 45256K, capacity 46361K, committed 46640K, reserved 294912K
  class space    used 5774K, capacity 6185K, committed 6272K, reserved 253952K
}
Event: 36.010 GC heap before
{Heap before GC invocations=11 (full 0):
 garbage-first heap   total 262144K, used 131179K [0x00000000e0000000, 0x0000000100000000)
  region size 1024K, 111 young (113664K), 12 survivors (12288K)
 Metaspace       used 53583K, capacity 55098K, committed 55216K, reserved 303104K
  class space    used 7034K, capacity 7631K, committed 7680K, reserved 253952K
}
Event: 36.070 GC heap after
{Heap after GC invocations=12 (full 0):
 garbage-first heap   total 262144K, used 33428K [0x00000000e0000000, 0x0000000100000000)
  region size 1024K, 4 young (4096K), 4 survivors (4096K)
 Metaspace       used 53583K, capacity 55098K, committed 55216K, reserved 303104K
  class space    used 7034K, capacity 7631K, committed 7680K, reserved 253952K
}
Event: 39.769 GC heap before
{Heap before GC invocations=12 (full 0):
 garbage-first heap   total 262144K, used 113300K [0x00000000e0000000, 0x0000000100000000)
  region size 1024K, 83 young (84992K), 4 survivors (4096K)
 Metaspace       used 57767K, capacity 59699K, committed 59816K, reserved 307200K
  class space    used 7713K, capacity 8438K, committed 8448K, reserved 253952K
}
Event: 39.870 GC heap after
{Heap after GC invocations=13 (full 0):
 garbage-first heap   total 262144K, used 40596K [0x00000000e0000000, 0x0000000100000000)
  region size 1024K, 11 young (11264K), 11 survivors (11264K)
 Metaspace       used 57767K, capacity 59699K, committed 59816K, reserved 307200K
  class space    used 7713K, capacity 8438K, committed 8448K, reserved 253952K
}

