# JRE version: Java(TM) SE Runtime Environment 18.9 (11.0.12+8) (build 11.0.12+8-LTS-237)
# Java VM: Java HotSpot(TM) 64-Bit Server VM 18.9 (11.0.12+8-LTS-237, mixed mode, tiered, compressed oops, g1 gc, windows-amd64)
Heap:
 garbage-first heap   total 262144K, used 200794K [0x00000000e0000000, 0x0000000100000000)
  region size 1024K, 152 young (155648K), 11 survivors (11264K)
 Metaspace       used 72130K, capacity 74626K, committed 74876K, reserved 319488K
  class space    used 9283K, capacity 10199K, committed 10240K, reserved 253952K
GC Heap History (10 events):
Event: 28.677 GC heap before
{Heap before GC invocations=12 (full 0):
 garbage-first heap   total 262144K, used 174999K [0x00000000e0000000, 0x0000000100000000)
  region size 1024K, 153 young (156672K), 8 survivors (8192K)
 Metaspace       used 49252K, capacity 50435K, committed 50608K, reserved 299008K
  class space    used 6383K, capacity 6841K, committed 6912K, reserved 253952K
}
Event: 28.776 GC heap after
{Heap after GC invocations=13 (full 0):
 garbage-first heap   total 262144K, used 31639K [0x00000000e0000000, 0x0000000100000000)
  region size 1024K, 17 young (17408K), 17 survivors (17408K)
 Metaspace       used 49252K, capacity 50435K, committed 50608K, reserved 299008K
  class space    used 6383K, capacity 6841K, committed 6912K, reserved 253952K
}
Event: 70.281 GC heap before
{Heap before GC invocations=13 (full 0):
 garbage-first heap   total 262144K, used 159639K [0x00000000e0000000, 0x0000000100000000)
  region size 1024K, 144 young (147456K), 17 survivors (17408K)
 Metaspace       used 57807K, capacity 59859K, committed 60028K, reserved 307200K
  class space    used 7685K, capacity 8448K, committed 8448K, reserved 253952K
}
Event: 70.376 GC heap after
{Heap after GC invocations=14 (full 0):
 garbage-first heap   total 262144K, used 38096K [0x00000000e0000000, 0x0000000100000000)
  region size 1024K, 16 young (16384K), 16 survivors (16384K)
 Metaspace       used 57807K, capacity 59859K, committed 60028K, reserved 307200K
  class space    used 7685K, capacity 8448K, committed 8448K, reserved 253952K
}
Event: 79.347 GC heap before
{Heap before GC invocations=15 (full 0):
 garbage-first heap   total 262144K, used 177360K [0x00000000e0000000, 0x0000000100000000)
  region size 1024K, 153 young (156672K), 16 survivors (16384K)
 Metaspace       used 61871K, capacity 64044K, committed 64380K, reserved 311296K
  class space    used 8089K, capacity 8879K, committed 8960K, reserved 253952K
}
Event: 79.424 GC heap after
{Heap after GC invocations=16 (full 0):
 garbage-first heap   total 262144K, used 42953K [0x00000000e0000000, 0x0000000100000000)
  region size 1024K, 13 young (13312K), 13 survivors (13312K)
 Metaspace       used 61871K, capacity 64044K, committed 64380K, reserved 311296K
  class space    used 8089K, capacity 8879K, committed 8960K, reserved 253952K
}
Event: 87.101 GC heap before
{Heap before GC invocations=16 (full 0):
 garbage-first heap   total 262144K, used 187337K [0x00000000e0000000, 0x0000000100000000)
  region size 1024K, 153 young (156672K), 13 survivors (13312K)
 Metaspace       used 71044K, capacity 73495K, committed 73724K, reserved 319488K
  class space    used 9176K, capacity 10088K, committed 10112K, reserved 253952K
}
Event: 87.174 GC heap after
{Heap after GC invocations=17 (full 0):
 garbage-first heap   total 262144K, used 54272K [0x00000000e0000000, 0x0000000100000000)
  region size 1024K, 15 young (15360K), 15 survivors (15360K)
 Metaspace       used 71044K, capacity 73495K, committed 73724K, reserved 319488K
  class space    used 9176K, capacity 10088K, committed 10112K, reserved 253952K
}
Event: 90.206 GC heap before
{Heap before GC invocations=17 (full 0):
 garbage-first heap   total 262144K, used 196608K [0x00000000e0000000, 0x0000000100000000)
  region size 1024K, 153 young (156672K), 15 survivors (15360K)
 Metaspace       used 71706K, capacity 74128K, committed 74364K, reserved 319488K
  class space    used 9243K, capacity 10181K, committed 10240K, reserved 253952K
}
Event: 90.279 GC heap after
{Heap after GC invocations=18 (full 0):
 garbage-first heap   total 262144K, used 55386K [0x00000000e0000000, 0x0000000100000000)
  region size 1024K, 11 young (11264K), 11 survivors (11264K)
 Metaspace       used 71706K, capacity 74128K, committed 74364K, reserved 319488K
  class space    used 9243K, capacity 10181K, committed 10240K, reserved 253952K
}

