# JRE version: Java(TM) SE Runtime Environment 18.9 (11.0.12+8) (build 11.0.12+8-LTS-237)
# Java VM: Java HotSpot(TM) 64-Bit Server VM 18.9 (11.0.12+8-LTS-237, mixed mode, tiered, compressed oops, g1 gc, windows-amd64)
Heap:
 garbage-first heap   total 95232K, used 12857K [0x00000000c1e00000, 0x0000000100000000)
  region size 1024K, 6 young (6144K), 6 survivors (6144K)
 Metaspace       used 27665K, capacity 28518K, committed 28720K, reserved 1075200K
  class space    used 3375K, capacity 3706K, committed 3712K, reserved 1048576K
GC Heap History (10 events):
Event: 3.574 GC heap after
{Heap after GC invocations=4 (full 0):
 garbage-first heap   total 65536K, used 7248K [0x00000000c1e00000, 0x0000000100000000)
  region size 1024K, 3 young (3072K), 3 survivors (3072K)
 Metaspace       used 14081K, capacity 14483K, committed 14848K, reserved 1062912K
  class space    used 1522K, capacity 1673K, committed 1792K, reserved 1048576K
}
Event: 5.102 GC heap before
{Heap before GC invocations=4 (full 0):
 garbage-first heap   total 65536K, used 30800K [0x00000000c1e00000, 0x0000000100000000)
  region size 1024K, 27 young (27648K), 3 survivors (3072K)
 Metaspace       used 18253K, capacity 18745K, committed 18944K, reserved 1067008K
  class space    used 2053K, capacity 2247K, committed 2304K, reserved 1048576K
}
Event: 5.135 GC heap after
{Heap after GC invocations=5 (full 0):
 garbage-first heap   total 78848K, used 8216K [0x00000000c1e00000, 0x0000000100000000)
  region size 1024K, 3 young (3072K), 3 survivors (3072K)
 Metaspace       used 18253K, capacity 18745K, committed 18944K, reserved 1067008K
  class space    used 2053K, capacity 2247K, committed 2304K, reserved 1048576K
}
Event: 6.041 GC heap before
{Heap before GC invocations=5 (full 0):
 garbage-first heap   total 78848K, used 22552K [0x00000000c1e00000, 0x0000000100000000)
  region size 1024K, 18 young (18432K), 3 survivors (3072K)
 Metaspace       used 20582K, capacity 21167K, committed 21296K, reserved 1069056K
  class space    used 2378K, capacity 2630K, committed 2688K, reserved 1048576K
}
Event: 6.055 GC heap after
{Heap after GC invocations=6 (full 0):
 garbage-first heap   total 78848K, used 8418K [0x00000000c1e00000, 0x0000000100000000)
  region size 1024K, 3 young (3072K), 3 survivors (3072K)
 Metaspace       used 20582K, capacity 21167K, committed 21296K, reserved 1069056K
  class space    used 2378K, capacity 2630K, committed 2688K, reserved 1048576K
}
Event: 6.448 GC heap before
{Heap before GC invocations=7 (full 0):
 garbage-first heap   total 78848K, used 41186K [0x00000000c1e00000, 0x0000000100000000)
  region size 1024K, 36 young (36864K), 3 survivors (3072K)
 Metaspace       used 20914K, capacity 21539K, committed 21808K, reserved 1069056K
  class space    used 2420K, capacity 2670K, committed 2688K, reserved 1048576K
}
Event: 6.473 GC heap after
{Heap after GC invocations=8 (full 0):
 garbage-first heap   total 78848K, used 8858K [0x00000000c1e00000, 0x0000000100000000)
  region size 1024K, 3 young (3072K), 3 survivors (3072K)
 Metaspace       used 20914K, capacity 21539K, committed 21808K, reserved 1069056K
  class space    used 2420K, capacity 2670K, committed 2688K, reserved 1048576K
}
Event: 8.459 GC heap before
{Heap before GC invocations=8 (full 0):
 garbage-first heap   total 78848K, used 48794K [0x00000000c1e00000, 0x0000000100000000)
  region size 1024K, 43 young (44032K), 3 survivors (3072K)
 Metaspace       used 22781K, capacity 23427K, committed 23600K, reserved 1071104K
  class space    used 2689K, capacity 2937K, committed 2944K, reserved 1048576K
}
Event: 8.476 GC heap after
{Heap after GC invocations=9 (full 0):
 garbage-first heap   total 78848K, used 10214K [0x00000000c1e00000, 0x0000000100000000)
  region size 1024K, 4 young (4096K), 4 survivors (4096K)
 Metaspace       used 22781K, capacity 23427K, committed 23600K, reserved 1071104K
  class space    used 2689K, capacity 2937K, committed 2944K, reserved 1048576K
}
Event: 10.608 GC heap before
{Heap before GC invocations=9 (full 0):
 garbage-first heap   total 78848K, used 53222K [0x00000000c1e00000, 0x0000000100000000)
  region size 1024K, 46 young (47104K), 4 survivors (4096K)
 Metaspace       used 27665K, capacity 28518K, committed 28720K, reserved 1075200K
  class space    used 3375K, capacity 3706K, committed 3712K, reserved 1048576K
}

