# JRE version: Java(TM) SE Runtime Environment 18.9 (11.0.12+8) (build 11.0.12+8-LTS-237)
# Java VM: Java HotSpot(TM) 64-Bit Server VM 18.9 (11.0.12+8-LTS-237, mixed mode, tiered, compressed oops, g1 gc, windows-amd64)
Heap:
 garbage-first heap   total 262144K, used 80584K [0x00000000e0000000, 0x0000000100000000)
  region size 1024K, 63 young (64512K), 7 survivors (7168K)
 Metaspace       used 41632K, capacity 42638K, committed 42800K, reserved 292864K
  class space    used 5323K, capacity 5687K, committed 5760K, reserved 253952K
GC Heap History (10 events):
Event: 8.066 GC heap before
{Heap before GC invocations=4 (full 0):
 garbage-first heap   total 262144K, used 42273K [0x00000000e0000000, 0x0000000100000000)
  region size 1024K, 32 young (32768K), 3 survivors (3072K)
 Metaspace       used 16255K, capacity 16616K, committed 16896K, reserved 270336K
  class space    used 1840K, capacity 1965K, committed 2048K, reserved 253952K
}
Event: 8.082 GC heap after
{Heap after GC invocations=5 (full 0):
 garbage-first heap   total 262144K, used 15864K [0x00000000e0000000, 0x0000000100000000)
  region size 1024K, 4 young (4096K), 4 survivors (4096K)
 Metaspace       used 16255K, capacity 16616K, committed 16896K, reserved 270336K
  class space    used 1840K, capacity 1965K, committed 2048K, reserved 253952K
}
Event: 9.314 GC heap before
{Heap before GC invocations=5 (full 0):
 garbage-first heap   total 262144K, used 52728K [0x00000000e0000000, 0x0000000100000000)
  region size 1024K, 40 young (40960K), 4 survivors (4096K)
 Metaspace       used 20712K, capacity 21114K, committed 21296K, reserved 274432K
  class space    used 2522K, capacity 2680K, committed 2688K, reserved 253952K
}
Event: 9.329 GC heap after
{Heap after GC invocations=6 (full 0):
 garbage-first heap   total 262144K, used 17366K [0x00000000e0000000, 0x0000000100000000)
  region size 1024K, 2 young (2048K), 2 survivors (2048K)
 Metaspace       used 20712K, capacity 21114K, committed 21296K, reserved 274432K
  class space    used 2522K, capacity 2680K, committed 2688K, reserved 253952K
}
Event: 9.342 GC heap before
{Heap before GC invocations=6 (full 0):
 garbage-first heap   total 262144K, used 18390K [0x00000000e0000000, 0x0000000100000000)
  region size 1024K, 4 young (4096K), 2 survivors (2048K)
 Metaspace       used 20765K, capacity 21178K, committed 21296K, reserved 274432K
  class space    used 2531K, capacity 2680K, committed 2688K, reserved 253952K
}
Event: 9.349 GC heap after
{Heap after GC invocations=7 (full 0):
 garbage-first heap   total 262144K, used 17173K [0x00000000e0000000, 0x0000000100000000)
  region size 1024K, 2 young (2048K), 2 survivors (2048K)
 Metaspace       used 20765K, capacity 21178K, committed 21296K, reserved 274432K
  class space    used 2531K, capacity 2680K, committed 2688K, reserved 253952K
}
Event: 13.575 GC heap before
{Heap before GC invocations=8 (full 0):
 garbage-first heap   total 262144K, used 120597K [0x00000000e0000000, 0x0000000100000000)
  region size 1024K, 103 young (105472K), 2 survivors (2048K)
 Metaspace       used 30967K, capacity 31750K, committed 32048K, reserved 282624K
  class space    used 4158K, capacity 4429K, committed 4480K, reserved 253952K
}
Event: 13.599 GC heap after
{Heap after GC invocations=9 (full 0):
 garbage-first heap   total 262144K, used 20479K [0x00000000e0000000, 0x0000000100000000)
  region size 1024K, 5 young (5120K), 5 survivors (5120K)
 Metaspace       used 30967K, capacity 31750K, committed 32048K, reserved 282624K
  class space    used 4158K, capacity 4429K, committed 4480K, reserved 253952K
}
Event: 15.982 GC heap before
{Heap before GC invocations=9 (full 0):
 garbage-first heap   total 262144K, used 43007K [0x00000000e0000000, 0x0000000100000000)
  region size 1024K, 28 young (28672K), 5 survivors (5120K)
 Metaspace       used 34839K, capacity 35712K, committed 35888K, reserved 286720K
  class space    used 4640K, capacity 4963K, committed 4992K, reserved 253952K
}
Event: 16.003 GC heap after
{Heap after GC invocations=10 (full 0):
 garbage-first heap   total 262144K, used 22216K [0x00000000e0000000, 0x0000000100000000)
  region size 1024K, 7 young (7168K), 7 survivors (7168K)
 Metaspace       used 34839K, capacity 35712K, committed 35888K, reserved 286720K
  class space    used 4640K, capacity 4963K, committed 4992K, reserved 253952K
}

