# JRE version: Java(TM) SE Runtime Environment 18.9 (11.0.12+8) (build 11.0.12+8-LTS-237)
# Java VM: Java HotSpot(TM) 64-Bit Server VM 18.9 (11.0.12+8-LTS-237, mixed mode, tiered, compressed oops, g1 gc, windows-amd64)
Heap:
 garbage-first heap   total 129024K, used 12932K [0x00000000c1e00000, 0x0000000100000000)
  region size 1024K, 6 young (6144K), 6 survivors (6144K)
 Metaspace       used 27926K, capacity 28775K, committed 28848K, reserved 1081344K
  class space    used 3427K, capacity 3774K, committed 3840K, reserved 1048576K
GC Heap History (10 events):
Event: 2.722 GC heap after
{Heap after GC invocations=4 (full 0):
 garbage-first heap   total 65536K, used 7336K [0x00000000c1e00000, 0x0000000100000000)
  region size 1024K, 3 young (3072K), 3 survivors (3072K)
 Metaspace       used 14067K, capacity 14421K, committed 14592K, reserved 1062912K
  class space    used 1523K, capacity 1674K, committed 1792K, reserved 1048576K
}
Event: 3.652 GC heap before
{Heap before GC invocations=4 (full 0):
 garbage-first heap   total 65536K, used 30888K [0x00000000c1e00000, 0x0000000100000000)
  region size 1024K, 26 young (26624K), 3 survivors (3072K)
 Metaspace       used 18088K, capacity 18585K, committed 18688K, reserved 1064960K
  class space    used 2032K, capacity 2236K, committed 2304K, reserved 1048576K
}
Event: 3.670 GC heap after
{Heap after GC invocations=5 (full 0):
 garbage-first heap   total 107520K, used 8085K [0x00000000c1e00000, 0x0000000100000000)
  region size 1024K, 3 young (3072K), 3 survivors (3072K)
 Metaspace       used 18088K, capacity 18585K, committed 18688K, reserved 1064960K
  class space    used 2032K, capacity 2236K, committed 2304K, reserved 1048576K
}
Event: 4.421 GC heap before
{Heap before GC invocations=5 (full 0):
 garbage-first heap   total 107520K, used 23445K [0x00000000c1e00000, 0x0000000100000000)
  region size 1024K, 19 young (19456K), 3 survivors (3072K)
 Metaspace       used 20573K, capacity 21170K, committed 21296K, reserved 1069056K
  class space    used 2380K, capacity 2631K, committed 2688K, reserved 1048576K
}
Event: 4.434 GC heap after
{Heap after GC invocations=6 (full 0):
 garbage-first heap   total 107520K, used 8692K [0x00000000c1e00000, 0x0000000100000000)
  region size 1024K, 3 young (3072K), 3 survivors (3072K)
 Metaspace       used 20573K, capacity 21170K, committed 21296K, reserved 1069056K
  class space    used 2380K, capacity 2631K, committed 2688K, reserved 1048576K
}
Event: 5.208 GC heap before
{Heap before GC invocations=7 (full 0):
 garbage-first heap   total 107520K, used 56820K [0x00000000c1e00000, 0x0000000100000000)
  region size 1024K, 51 young (52224K), 3 survivors (3072K)
 Metaspace       used 21570K, capacity 22236K, committed 22448K, reserved 1069056K
  class space    used 2498K, capacity 2754K, committed 2816K, reserved 1048576K
}
Event: 5.234 GC heap after
{Heap after GC invocations=8 (full 0):
 garbage-first heap   total 107520K, used 9716K [0x00000000c1e00000, 0x0000000100000000)
  region size 1024K, 4 young (4096K), 4 survivors (4096K)
 Metaspace       used 21570K, capacity 22236K, committed 22448K, reserved 1069056K
  class space    used 2498K, capacity 2754K, committed 2816K, reserved 1048576K
}
Event: 7.566 GC heap before
{Heap before GC invocations=8 (full 0):
 garbage-first heap   total 107520K, used 66036K [0x00000000c1e00000, 0x0000000100000000)
  region size 1024K, 59 young (60416K), 4 survivors (4096K)
 Metaspace       used 26318K, capacity 27159K, committed 27312K, reserved 1073152K
  class space    used 3197K, capacity 3509K, committed 3584K, reserved 1048576K
}
Event: 7.588 GC heap after
{Heap after GC invocations=9 (full 0):
 garbage-first heap   total 107520K, used 11764K [0x00000000c1e00000, 0x0000000100000000)
  region size 1024K, 6 young (6144K), 6 survivors (6144K)
 Metaspace       used 26318K, capacity 27159K, committed 27312K, reserved 1073152K
  class space    used 3197K, capacity 3509K, committed 3584K, reserved 1048576K
}
Event: 8.171 GC heap before
{Heap before GC invocations=9 (full 0):
 garbage-first heap   total 107520K, used 28148K [0x00000000c1e00000, 0x0000000100000000)
  region size 1024K, 23 young (23552K), 6 survivors (6144K)
 Metaspace       used 27926K, capacity 28775K, committed 28848K, reserved 1081344K
  class space    used 3427K, capacity 3774K, committed 3840K, reserved 1048576K
}

