# JRE version: Java(TM) SE Runtime Environment 18.9 (11.0.12+8) (build 11.0.12+8-LTS-237)
# Java VM: Java HotSpot(TM) 64-Bit Server VM 18.9 (11.0.12+8-LTS-237, mixed mode, tiered, compressed oops, g1 gc, windows-amd64)
Heap:
 garbage-first heap   total 78848K, used 37603K [0x00000000c1e00000, 0x0000000100000000)
  region size 1024K, 33 young (33792K), 3 survivors (3072K)
 Metaspace       used 22248K, capacity 22905K, committed 23088K, reserved 1069056K
  class space    used 2609K, capacity 2849K, committed 2944K, reserved 1048576K
GC Heap History (10 events):
Event: 2.403 GC heap before
{Heap before GC invocations=2 (full 0):
 garbage-first heap   total 65536K, used 15859K [0x00000000c1e00000, 0x0000000100000000)
  region size 1024K, 11 young (11264K), 1 survivors (1024K)
 Metaspace       used 10493K, capacity 10772K, committed 10880K, reserved 1058816K
  class space    used 1055K, capacity 1145K, committed 1152K, reserved 1048576K
}
Event: 2.410 GC heap after
{Heap after GC invocations=3 (full 0):
 garbage-first heap   total 65536K, used 6226K [0x00000000c1e00000, 0x0000000100000000)
  region size 1024K, 2 young (2048K), 2 survivors (2048K)
 Metaspace       used 10493K, capacity 10772K, committed 10880K, reserved 1058816K
  class space    used 1055K, capacity 1145K, committed 1152K, reserved 1048576K
}
Event: 4.331 GC heap before
{Heap before GC invocations=3 (full 0):
 garbage-first heap   total 65536K, used 21586K [0x00000000c1e00000, 0x0000000100000000)
  region size 1024K, 17 young (17408K), 2 survivors (2048K)
 Metaspace       used 14065K, capacity 14419K, committed 14592K, reserved 1062912K
  class space    used 1522K, capacity 1673K, committed 1792K, reserved 1048576K
}
Event: 4.347 GC heap after
{Heap after GC invocations=4 (full 0):
 garbage-first heap   total 65536K, used 7264K [0x00000000c1e00000, 0x0000000100000000)
  region size 1024K, 3 young (3072K), 3 survivors (3072K)
 Metaspace       used 14065K, capacity 14419K, committed 14592K, reserved 1062912K
  class space    used 1522K, capacity 1673K, committed 1792K, reserved 1048576K
}
Event: 7.290 GC heap before
{Heap before GC invocations=4 (full 0):
 garbage-first heap   total 65536K, used 30816K [0x00000000c1e00000, 0x0000000100000000)
  region size 1024K, 27 young (27648K), 3 survivors (3072K)
 Metaspace       used 18236K, capacity 18788K, committed 18944K, reserved 1067008K
  class space    used 2079K, capacity 2283K, committed 2304K, reserved 1048576K
}
Event: 7.321 GC heap after
{Heap after GC invocations=5 (full 0):
 garbage-first heap   total 78848K, used 8221K [0x00000000c1e00000, 0x0000000100000000)
  region size 1024K, 3 young (3072K), 3 survivors (3072K)
 Metaspace       used 18236K, capacity 18788K, committed 18944K, reserved 1067008K
  class space    used 2079K, capacity 2283K, committed 2304K, reserved 1048576K
}
Event: 8.801 GC heap before
{Heap before GC invocations=5 (full 0):
 garbage-first heap   total 78848K, used 22557K [0x00000000c1e00000, 0x0000000100000000)
  region size 1024K, 18 young (18432K), 3 survivors (3072K)
 Metaspace       used 20570K, capacity 21167K, committed 21296K, reserved 1069056K
  class space    used 2380K, capacity 2630K, committed 2688K, reserved 1048576K
}
Event: 8.813 GC heap after
{Heap after GC invocations=6 (full 0):
 garbage-first heap   total 78848K, used 8513K [0x00000000c1e00000, 0x0000000100000000)
  region size 1024K, 3 young (3072K), 3 survivors (3072K)
 Metaspace       used 20570K, capacity 21167K, committed 21296K, reserved 1069056K
  class space    used 2380K, capacity 2630K, committed 2688K, reserved 1048576K
}
Event: 9.132 GC heap before
{Heap before GC invocations=7 (full 0):
 garbage-first heap   total 78848K, used 43329K [0x00000000c1e00000, 0x0000000100000000)
  region size 1024K, 38 young (38912K), 3 survivors (3072K)
 Metaspace       used 20798K, capacity 21377K, committed 21552K, reserved 1069056K
  class space    used 2410K, capacity 2636K, committed 2688K, reserved 1048576K
}
Event: 9.144 GC heap after
{Heap after GC invocations=8 (full 0):
 garbage-first heap   total 78848K, used 8931K [0x00000000c1e00000, 0x0000000100000000)
  region size 1024K, 3 young (3072K), 3 survivors (3072K)
 Metaspace       used 20798K, capacity 21377K, committed 21552K, reserved 1069056K
  class space    used 2410K, capacity 2636K, committed 2688K, reserved 1048576K
}

