# JRE version: Java(TM) SE Runtime Environment 18.9 (11.0.12+8) (build 11.0.12+8-LTS-237)
# Java VM: Java HotSpot(TM) 64-Bit Server VM 18.9 (11.0.12+8-LTS-237, mixed mode, tiered, compressed oops, g1 gc, windows-amd64)
Heap:
 garbage-first heap   total 95232K, used 12301K [0x00000000c1e00000, 0x0000000100000000)
  region size 1024K, 6 young (6144K), 6 survivors (6144K)
 Metaspace       used 27194K, capacity 28032K, committed 28208K, reserved 1073152K
  class space    used 3334K, capacity 3673K, committed 3712K, reserved 1048576K
GC Heap History (10 events):
Event: 3.308 GC heap after
{Heap after GC invocations=4 (full 0):
 garbage-first heap   total 65536K, used 7091K [0x00000000c1e00000, 0x0000000100000000)
  region size 1024K, 2 young (2048K), 2 survivors (2048K)
 Metaspace       used 13851K, capacity 14193K, committed 14464K, reserved 1062912K
  class space    used 1489K, capacity 1617K, committed 1664K, reserved 1048576K
}
Event: 4.388 GC heap before
{Heap before GC invocations=4 (full 0):
 garbage-first heap   total 65536K, used 30643K [0x00000000c1e00000, 0x0000000100000000)
  region size 1024K, 26 young (26624K), 2 survivors (2048K)
 Metaspace       used 17860K, capacity 18396K, committed 18688K, reserved 1064960K
  class space    used 2018K, capacity 2237K, committed 2304K, reserved 1048576K
}
Event: 4.401 GC heap after
{Heap after GC invocations=5 (full 0):
 garbage-first heap   total 78848K, used 7929K [0x00000000c1e00000, 0x0000000100000000)
  region size 1024K, 3 young (3072K), 3 survivors (3072K)
 Metaspace       used 17860K, capacity 18396K, committed 18688K, reserved 1064960K
  class space    used 2018K, capacity 2237K, committed 2304K, reserved 1048576K
}
Event: 5.224 GC heap before
{Heap before GC invocations=5 (full 0):
 garbage-first heap   total 78848K, used 24313K [0x00000000c1e00000, 0x0000000100000000)
  region size 1024K, 20 young (20480K), 3 survivors (3072K)
 Metaspace       used 20582K, capacity 21167K, committed 21296K, reserved 1069056K
  class space    used 2377K, capacity 2630K, committed 2688K, reserved 1048576K
}
Event: 5.245 GC heap after
{Heap after GC invocations=6 (full 0):
 garbage-first heap   total 78848K, used 8491K [0x00000000c1e00000, 0x0000000100000000)
  region size 1024K, 3 young (3072K), 3 survivors (3072K)
 Metaspace       used 20582K, capacity 21167K, committed 21296K, reserved 1069056K
  class space    used 2377K, capacity 2630K, committed 2688K, reserved 1048576K
}
Event: 5.398 GC heap before
{Heap before GC invocations=7 (full 0):
 garbage-first heap   total 78848K, used 39211K [0x00000000c1e00000, 0x0000000100000000)
  region size 1024K, 34 young (34816K), 3 survivors (3072K)
 Metaspace       used 20882K, capacity 21475K, committed 21552K, reserved 1069056K
  class space    used 2414K, capacity 2670K, committed 2688K, reserved 1048576K
}
Event: 5.409 GC heap after
{Heap after GC invocations=8 (full 0):
 garbage-first heap   total 78848K, used 8950K [0x00000000c1e00000, 0x0000000100000000)
  region size 1024K, 3 young (3072K), 3 survivors (3072K)
 Metaspace       used 20882K, capacity 21475K, committed 21552K, reserved 1069056K
  class space    used 2414K, capacity 2670K, committed 2688K, reserved 1048576K
}
Event: 7.007 GC heap before
{Heap before GC invocations=8 (full 0):
 garbage-first heap   total 78848K, used 47862K [0x00000000c1e00000, 0x0000000100000000)
  region size 1024K, 42 young (43008K), 3 survivors (3072K)
 Metaspace       used 22447K, capacity 23103K, committed 23344K, reserved 1069056K
  class space    used 2641K, capacity 2893K, committed 2944K, reserved 1048576K
}
Event: 7.024 GC heap after
{Heap after GC invocations=9 (full 0):
 garbage-first heap   total 78848K, used 9851K [0x00000000c1e00000, 0x0000000100000000)
  region size 1024K, 4 young (4096K), 4 survivors (4096K)
 Metaspace       used 22447K, capacity 23103K, committed 23344K, reserved 1069056K
  class space    used 2641K, capacity 2893K, committed 2944K, reserved 1048576K
}
Event: 9.396 GC heap before
{Heap before GC invocations=9 (full 0):
 garbage-first heap   total 78848K, used 52859K [0x00000000c1e00000, 0x0000000100000000)
  region size 1024K, 46 young (47104K), 4 survivors (4096K)
 Metaspace       used 27194K, capacity 28032K, committed 28208K, reserved 1073152K
  class space    used 3334K, capacity 3673K, committed 3712K, reserved 1048576K
}

